#
# A fatal error has been detected by the Java Runtime Environment:
#
#  SIGSEGV (0xb) at pc=0x000000010a446908, pid=11302, tid=17155
#
# JRE version: Java(TM) SE Runtime Environment (8.0_65-b17) (build 1.8.0_65-b17)
# Java VM: Java HotSpot(TM) 64-Bit Server VM (25.65-b01 mixed mode bsd-amd64 compressed oops)
# Problematic frame:
# V  [libjvm.dylib+0x446908]  Method::checked_resolve_jmethod_id(_jmethodID*)+0xe
#
# Failed to write core dump. Core dumps have been disabled. To enable core dumping, try "ulimit -c unlimited" before starting Java again
#
# If you would like to submit a bug report, please visit:
#   http://bugreport.java.com/bugreport/crash.jsp
#

---------------  T H R E A D  ---------------

Current thread (0x00007f7fdb01b800):  JavaThread "JDWP Transport Listener: dt_socket" daemon [_thread_in_vm, id=17155, stack(0x0000700000b3b000,0x0000700000c3b000)]

siginfo: si_signo: 11 (SIGSEGV), si_code: 1 (SEGV_MAPERR), si_addr: 0x0000000000000007

Registers:
RAX=0x0000000000000001, RBX=0x0000700000c3aa8b, RCX=0x000000010a815310, RDX=0x0000700000c3aa8b
RSP=0x0000700000c3a9d0, RBP=0x0000700000c3a9e0, RSI=0x00007f7fdb01b800, RDI=0x0000000000000007
R8 =0x0000000000000008, R9 =0x0000000000000000, R10=0x0000000000000009, R11=0x00007f7fdaf00000
R12=0x00007f7fdb01b800, R13=0x0000000000000007, R14=0x0000000000000007, R15=0x00007f7fdac00ed0
RIP=0x000000010a446908, EFLAGS=0x0000000000010202, ERR=0x0000000000000004
  TRAPNO=0x000000000000000e

Top of Stack: (sp=0x0000700000c3a9d0)
0x0000700000c3a9d0:   0000700000c3aa8b 0000700000c3aa8b
0x0000700000c3a9e0:   0000700000c3aa40 000000010a355a02
0x0000700000c3a9f0:   00007f7fdb01b800 0000000000000000
0x0000700000c3aa00:   0000000000000000 0000000000000000
0x0000700000c3aa10:   00007f7fdb01b800 00007f7fdb01b800
0x0000700000c3aa20:   0000700000c3aa8b 0000700000c3aa90
0x0000700000c3aa30:   0000000000000007 0000000000000007
0x0000700000c3aa40:   0000700000c3aa60 000000010972d780
0x0000700000c3aa50:   0000000000000001 0000700000c3ab08
0x0000700000c3aa60:   0000700000c3aad0 00000001097121f3
0x0000700000c3aa70:   0000700000c3aaa0 00007f7fdaf34780
0x0000700000c3aa80:   0000000900000032 0000000100c3ab08
0x0000700000c3aa90:   0000000000000000 0000000000000000
0x0000700000c3aaa0:   0000000000000000 0000700000c3ac90
0x0000700000c3aab0:   0000000109734e7a 00007f7fdac1bc30
0x0000700000c3aac0:   0000700000c3ab08 0000000109740598
0x0000700000c3aad0:   0000700000c3aae0 00000001097122ec
0x0000700000c3aae0:   0000700000c3ad00 000000010971b898
0x0000700000c3aaf0:   000070e300000013 00000000000f0200
0x0000700000c3ab00:   00007f7fdac1ba20 00007f7fdb864107
0x0000700000c3ab10:   00007f7f000003a9 00007f7fdaf5fbb0
0x0000700000c3ab20:   000000000000012c 0000700000c3ab58
0x0000700000c3ab30:   00007f7fdaf5ee20 0000000000000000
0x0000700000c3ab40:   000070e30000001c 00007fff0000ec80
0x0000700000c3ab50:   0000700000c3ab58 7f7f000009000000
0x0000700000c3ab60:   06000000c8a6e2da 00003e74696e693c
0x0000700000c3ab70:   2f6d6f634c284f00 2f656e69626d6f63
0x0000700000c3ab80:   2f65636976726573 70614d656c626154
0x0000700000c3ab90:   6976726553726570 2f6d6f634c3b6563
0x0000700000c3aba0:   2f656e69626d6f63 2f65636976726573
0x0000700000c3abb0:   53636972656e6547 293b656369767265
0x0000700000c3abc0:   0000000000000056 a6e2da7f7f000001 

Instructions: (pc=0x000000010a446908)
0x000000010a4468e8:   40 48 48 85 c0 75 e0 30 c0 0f b6 c0 5d c3 31 c0
0x000000010a4468f8:   5d c3 55 48 89 e5 53 48 83 ec 08 48 85 ff 74 24
0x000000010a446908:   48 8b 1f 48 85 db 74 1c 48 83 fb 37 74 16 48 8b
0x000000010a446918:   03 48 89 df ff 50 10 84 c0 b8 00 00 00 00 48 0f 

Register to memory mapping:

RAX=0x0000000000000001 is an unknown value
RBX=0x0000700000c3aa8b is pointing into the stack for thread: 0x00007f7fdb01b800
RCX=0x000000010a815310: UseMembar+0 in /Library/Java/JavaVirtualMachines/jdk1.8.0_65.jdk/Contents/Home/jre/lib/server/libjvm.dylib at 0x000000010a000000
RDX=0x0000700000c3aa8b is pointing into the stack for thread: 0x00007f7fdb01b800
RSP=0x0000700000c3a9d0 is pointing into the stack for thread: 0x00007f7fdb01b800
RBP=0x0000700000c3a9e0 is pointing into the stack for thread: 0x00007f7fdb01b800
RSI=0x00007f7fdb01b800 is a thread
RDI=0x0000000000000007 is an unknown value
R8 =0x0000000000000008 is an unknown value
R9 =0x0000000000000000 is an unknown value
R10=0x0000000000000009 is an unknown value
R11=0x00007f7fdaf00000 is an unknown value
R12=0x00007f7fdb01b800 is a thread
R13=0x0000000000000007 is an unknown value
R14=0x0000000000000007 is an unknown value
R15=0x00007f7fdac00ed0 is an unknown value


Stack: [0x0000700000b3b000,0x0000700000c3b000],  sp=0x0000700000c3a9d0,  free space=1022k
Native frames: (J=compiled Java code, j=interpreted, Vv=VM code, C=native code)
V  [libjvm.dylib+0x446908]  Method::checked_resolve_jmethod_id(_jmethodID*)+0xe
V  [libjvm.dylib+0x355a02]  jvmti_IsMethodSynthetic+0xb2
C  [libjdwp.dylib+0x20780]  isMethodSynthetic+0x63
C  [libjdwp.dylib+0x51f3]  methods1+0x10b
C  [libjdwp.dylib+0x52ec]  methodsWithGeneric+0xe
C  [libjdwp.dylib+0xe898]  debugLoop_run+0x1ce
C  [libjdwp.dylib+0x1f6ba]  attachThread+0x4d
V  [libjvm.dylib+0x396d60]  JvmtiAgentThread::call_start_function()+0x38
V  [libjvm.dylib+0x5612d3]  JavaThread::thread_main_inner()+0x9b
V  [libjvm.dylib+0x5629ce]  JavaThread::run()+0x1c2
V  [libjvm.dylib+0x48342e]  java_start(Thread*)+0xf6
C  [libsystem_pthread.dylib+0x399d]  _pthread_body+0x83
C  [libsystem_pthread.dylib+0x391a]  _pthread_body+0x0
C  [libsystem_pthread.dylib+0x1351]  thread_start+0xd
C  0x0000000000000000


---------------  P R O C E S S  ---------------

Java Threads: ( => current thread )
  0x00007f7fdc810000 JavaThread "Service Thread" daemon [_thread_blocked, id=20227, stack(0x000070000114d000,0x000070000124d000)]
  0x00007f7fdb01e800 JavaThread "C1 CompilerThread2" daemon [_thread_blocked, id=19715, stack(0x000070000104a000,0x000070000114a000)]
  0x00007f7fdb01e000 JavaThread "C2 CompilerThread1" daemon [_thread_blocked, id=19203, stack(0x0000700000f47000,0x0000700001047000)]
  0x00007f7fdc027800 JavaThread "C2 CompilerThread0" daemon [_thread_blocked, id=18691, stack(0x0000700000e44000,0x0000700000f44000)]
  0x00007f7fdb01d000 JavaThread "JDWP Command Reader" daemon [_thread_in_native, id=18179, stack(0x0000700000d41000,0x0000700000e41000)]
  0x00007f7fdb01c800 JavaThread "JDWP Event Helper Thread" daemon [_thread_blocked, id=17667, stack(0x0000700000c3e000,0x0000700000d3e000)]
=>0x00007f7fdb01b800 JavaThread "JDWP Transport Listener: dt_socket" daemon [_thread_in_vm, id=17155, stack(0x0000700000b3b000,0x0000700000c3b000)]
  0x00007f7fdb827000 JavaThread "Signal Dispatcher" daemon [_thread_blocked, id=16651, stack(0x0000700000a38000,0x0000700000b38000)]
  0x00007f7fdb81c000 JavaThread "Finalizer" daemon [_thread_blocked, id=12291, stack(0x000070000082f000,0x000070000092f000)]
  0x00007f7fdc804800 JavaThread "Reference Handler" daemon [_thread_blocked, id=11779, stack(0x000070000072c000,0x000070000082c000)]
  0x00007f7fdb805000 JavaThread "main" [_thread_blocked, id=5891, stack(0x000070000011a000,0x000070000021a000)]

Other Threads:
  0x00007f7fdb81b800 VMThread [stack: 0x0000700000629000,0x0000700000729000] [id=11267]
  0x00007f7fdb829800 WatcherThread [stack: 0x0000700001250000,0x0000700001350000] [id=20739]

VM state:not at safepoint (normal execution)

VM Mutex/Monitor currently owned by a thread: None

Heap:
 PSYoungGen      total 38400K, used 21074K [0x0000000795580000, 0x0000000798000000, 0x00000007c0000000)
  eden space 33280K, 63% used [0x0000000795580000,0x0000000796a14910,0x0000000797600000)
  from space 5120K, 0% used [0x0000000797b00000,0x0000000797b00000,0x0000000798000000)
  to   space 5120K, 0% used [0x0000000797600000,0x0000000797600000,0x0000000797b00000)
 ParOldGen       total 87552K, used 0K [0x0000000740000000, 0x0000000745580000, 0x0000000795580000)
  object space 87552K, 0% used [0x0000000740000000,0x0000000740000000,0x0000000745580000)
 Metaspace       used 7688K, capacity 7848K, committed 7936K, reserved 1056768K
  class space    used 885K, capacity 960K, committed 1024K, reserved 1048576K

Card table byte_map: [0x000000011a349000,0x000000011a74a000] byte_map_base: 0x0000000116949000

Marking Bits: (ParMarkBitMap*) 0x000000010a8dee20
 Begin Bits: [0x000000011a9f5000, 0x000000011c9f5000)
 End Bits:   [0x000000011c9f5000, 0x000000011e9f5000)

Polling page: 0x000000010970c000

CodeCache: size=245760Kb used=3386Kb max_used=3386Kb free=242373Kb
 bounds [0x000000010af89000, 0x000000010b2d9000, 0x0000000119f89000]
 total_blobs=1040 nmethods=750 adapters=212
 compilation: enabled

Compilation events (10 events):
Event: 18.736 Thread 0x00007f7fdb01e800  745       1       org.jsoup.nodes.Document$OutputSettings::encoder (5 bytes)
Event: 18.736 Thread 0x00007f7fdb01e800 nmethod 745 0x000000010b2d7f10 code [0x000000010b2d8060, 0x000000010b2d8170]
Event: 18.736 Thread 0x00007f7fdb01e800  746       1       org.jsoup.nodes.Entities$EscapeMode::getMap (5 bytes)
Event: 18.736 Thread 0x00007f7fdb01e800 nmethod 746 0x000000010b2d81d0 code [0x000000010b2d8320, 0x000000010b2d8430]
Event: 18.736 Thread 0x00007f7fdb01e800  748       1       org.jsoup.nodes.Document$OutputSettings::outline (5 bytes)
Event: 18.737 Thread 0x00007f7fdb01e800 nmethod 748 0x000000010b2d8490 code [0x000000010b2d85e0, 0x000000010b2d86f0]
Event: 18.737 Thread 0x00007f7fdb01e800  749       1       org.jsoup.nodes.Node::parent (5 bytes)
Event: 18.737 Thread 0x00007f7fdb01e800 nmethod 749 0x000000010b2d8750 code [0x000000010b2d88a0, 0x000000010b2d89b0]
Event: 18.737 Thread 0x00007f7fdb01e800  750       1       org.jsoup.parser.Tag::preserveWhitespace (5 bytes)
Event: 18.737 Thread 0x00007f7fdb01e800 nmethod 750 0x000000010b2d8a10 code [0x000000010b2d8b60, 0x000000010b2d8c70]

GC Heap History (0 events):
No events

Deoptimization events (9 events):
Event: 3.084 Thread 0x00007f7fdb805000 Uncommon trap: reason=unstable_if action=reinterpret pc=0x000000010b126a8c method=java.lang.String.indexOf([CII[CIII)I @ 134
Event: 3.295 Thread 0x00007f7fdb805000 Uncommon trap: reason=unstable_if action=reinterpret pc=0x000000010b16b540 method=java.util.HashMap.getNode(ILjava/lang/Object;)Ljava/util/HashMap$Node; @ 62
Event: 3.398 Thread 0x00007f7fdb805000 Uncommon trap: reason=class_check action=maybe_recompile pc=0x000000010b1c9b84 method=java.util.HashMap.putVal(ILjava/lang/Object;Ljava/lang/Object;ZZ)Ljava/lang/Object; @ 203
Event: 3.406 Thread 0x00007f7fdb805000 Uncommon trap: reason=unstable_if action=reinterpret pc=0x000000010b1620d0 method=java.lang.CharacterDataLatin1.digit(II)I @ 82
Event: 3.415 Thread 0x00007f7fdb805000 Uncommon trap: reason=unstable_if action=reinterpret pc=0x000000010b1c9b38 method=java.util.HashMap.putVal(ILjava/lang/Object;Ljava/lang/Object;ZZ)Ljava/lang/Object; @ 94
Event: 3.415 Thread 0x00007f7fdb805000 Uncommon trap: reason=unstable_if action=reinterpret pc=0x000000010b1cd9e0 method=java.util.HashMap.putVal(ILjava/lang/Object;Ljava/lang/Object;ZZ)Ljava/lang/Object; @ 94
Event: 3.440 Thread 0x00007f7fdb805000 Uncommon trap: reason=unstable_if action=reinterpret pc=0x000000010b178b38 method=java.lang.String.replace(CC)Ljava/lang/String; @ 26
Event: 3.443 Thread 0x00007f7fdb805000 Uncommon trap: reason=unstable_if action=reinterpret pc=0x000000010b27b2e0 method=java.lang.CharacterDataLatin1.digit(II)I @ 60
Event: 3.445 Thread 0x00007f7fdb805000 Uncommon trap: reason=unstable_if action=reinterpret pc=0x000000010b1e77d4 method=java.lang.String.trim()Ljava/lang/String; @ 15

Internal exceptions (10 events):
Event: 0.245 Thread 0x00007f7fdb805000 Exception <a 'java/lang/ClassNotFoundException': org/apache/log4j/LayoutBeanInfo> (0x0000000795a065a0) thrown at [/Users/java_re/workspace/8-2-build-macosx-x86_64/jdk8u65/4987/hotspot/src/share/vm/classfile/systemDictionary.cpp, line 210]
Event: 0.245 Thread 0x00007f7fdb805000 Exception <a 'java/lang/ClassNotFoundException': java/lang/ObjectBeanInfo> (0x0000000795a0a818) thrown at [/Users/java_re/workspace/8-2-build-macosx-x86_64/jdk8u65/4987/hotspot/src/share/vm/classfile/systemDictionary.cpp, line 210]
Event: 0.245 Thread 0x00007f7fdb805000 Exception <a 'java/lang/ClassNotFoundException': java/lang/ObjectCustomizer> (0x0000000795a0ea20) thrown at [/Users/java_re/workspace/8-2-build-macosx-x86_64/jdk8u65/4987/hotspot/src/share/vm/classfile/systemDictionary.cpp, line 210]
Event: 0.247 Thread 0x00007f7fdb805000 Exception <a 'java/lang/ArrayIndexOutOfBoundsException': 18> (0x0000000795a111a8) thrown at [/Users/java_re/workspace/8-2-build-macosx-x86_64/jdk8u65/4987/hotspot/src/share/vm/interpreter/interpreterRuntime.cpp, line 366]
Event: 0.248 Thread 0x00007f7fdb805000 Exception <a 'java/lang/ArrayIndexOutOfBoundsException': 22> (0x0000000795a14558) thrown at [/Users/java_re/workspace/8-2-build-macosx-x86_64/jdk8u65/4987/hotspot/src/share/vm/interpreter/interpreterRuntime.cpp, line 366]
Event: 0.249 Thread 0x00007f7fdb805000 Exception <a 'java/lang/ArrayIndexOutOfBoundsException': 160> (0x0000000795a169a8) thrown at [/Users/java_re/workspace/8-2-build-macosx-x86_64/jdk8u65/4987/hotspot/src/share/vm/interpreter/interpreterRuntime.cpp, line 366]
Event: 0.253 Thread 0x00007f7fdb805000 Exception <a 'java/lang/ClassNotFoundException': org/apache/log4j/LayoutCustomizer> (0x0000000795a21dc0) thrown at [/Users/java_re/workspace/8-2-build-macosx-x86_64/jdk8u65/4987/hotspot/src/share/vm/classfile/systemDictionary.cpp, line 210]
Event: 0.256 Thread 0x00007f7fdb805000 Exception <a 'java/lang/ClassNotFoundException': org/apache/log4j/PatternLayoutCustomizer> (0x0000000795a3b198) thrown at [/Users/java_re/workspace/8-2-build-macosx-x86_64/jdk8u65/4987/hotspot/src/share/vm/classfile/systemDictionary.cpp, line 210]
Event: 3.380 Thread 0x00007f7fdb805000 Exception <a 'java/lang/NoSuchFieldError': method resolution failed> (0x00000007968255d8) thrown at [/Users/java_re/workspace/8-2-build-macosx-x86_64/jdk8u65/4987/hotspot/src/share/vm/prims/methodHandles.cpp, line 1146]
Event: 3.386 Thread 0x00007f7fdb805000 Exception <a 'java/lang/NoSuchFieldError': method resolution failed> (0x00000007968328c8) thrown at [/Users/java_re/workspace/8-2-build-macosx-x86_64/jdk8u65/4987/hotspot/src/share/vm/prims/methodHandles.cpp, line 1146]

Events (10 events):
Event: 56.993 Executing VM operation: GetCurrentLocation
Event: 56.993 Executing VM operation: GetCurrentLocation done
Event: 56.993 Executing VM operation: EnterInterpOnlyMode
Event: 56.993 Executing VM operation: EnterInterpOnlyMode done
Event: 56.993 Executing VM operation: ChangeSingleStep
Event: 56.993 Executing VM operation: ChangeSingleStep done
Event: 56.993 Executing VM operation: ChangeSingleStep
Event: 56.993 Executing VM operation: ChangeSingleStep done
Event: 56.996 Executing VM operation: RedefineClasses
Event: 57.009 Executing VM operation: RedefineClasses done


Dynamic libraries:
0x00000000029f3000 	/System/Library/Frameworks/Cocoa.framework/Versions/A/Cocoa
0x00000000029f3000 	/System/Library/Frameworks/Security.framework/Versions/A/Security
0x00000000029f3000 	/System/Library/Frameworks/ApplicationServices.framework/Versions/A/ApplicationServices
0x00000000029f3000 	/usr/lib/libz.1.dylib
0x00000000029f3000 	/usr/lib/libSystem.B.dylib
0x00000000029f3000 	/usr/lib/libobjc.A.dylib
0x00000000029f3000 	/System/Library/Frameworks/CoreFoundation.framework/Versions/A/CoreFoundation
0x00000000029f3000 	/System/Library/Frameworks/Foundation.framework/Versions/C/Foundation
0x00000000029f3000 	/System/Library/Frameworks/AppKit.framework/Versions/C/AppKit
0x00000000029f3000 	/System/Library/Frameworks/CoreData.framework/Versions/A/CoreData
0x00000000029f3000 	/System/Library/PrivateFrameworks/RemoteViewServices.framework/Versions/A/RemoteViewServices
0x00000000029f3000 	/System/Library/PrivateFrameworks/UIFoundation.framework/Versions/A/UIFoundation
0x00000000029f3000 	/usr/lib/libScreenReader.dylib
0x00000000029f3000 	/System/Library/Frameworks/Accelerate.framework/Versions/A/Accelerate
0x00000000029f3000 	/System/Library/Frameworks/IOSurface.framework/Versions/A/IOSurface
0x00000000029f3000 	/System/Library/Frameworks/AudioToolbox.framework/Versions/A/AudioToolbox
0x00000000029f3000 	/System/Library/Frameworks/AudioUnit.framework/Versions/A/AudioUnit
0x00000000029f3000 	/System/Library/PrivateFrameworks/DataDetectorsCore.framework/Versions/A/DataDetectorsCore
0x00000000029f3000 	/System/Library/PrivateFrameworks/DesktopServicesPriv.framework/Versions/A/DesktopServicesPriv
0x00000000029f3000 	/System/Library/Frameworks/Carbon.framework/Versions/A/Frameworks/HIToolbox.framework/Versions/A/HIToolbox
0x00000000029f3000 	/System/Library/Frameworks/QuartzCore.framework/Versions/A/QuartzCore
0x00000000029f3000 	/System/Library/Frameworks/Carbon.framework/Versions/A/Frameworks/SpeechRecognition.framework/Versions/A/SpeechRecognition
0x00000000029f3000 	/usr/lib/libauto.dylib
0x00000000029f3000 	/usr/lib/libicucore.A.dylib
0x00000000029f3000 	/usr/lib/libxml2.2.dylib
0x00000000029f3000 	/System/Library/PrivateFrameworks/CoreUI.framework/Versions/A/CoreUI
0x00000000029f3000 	/System/Library/Frameworks/CoreAudio.framework/Versions/A/CoreAudio
0x00000000029f3000 	/System/Library/Frameworks/DiskArbitration.framework/Versions/A/DiskArbitration
0x00000000029f3000 	/usr/lib/liblangid.dylib
0x00000000029f3000 	/System/Library/PrivateFrameworks/MultitouchSupport.framework/Versions/A/MultitouchSupport
0x00000000029f3000 	/System/Library/Frameworks/IOKit.framework/Versions/A/IOKit
0x00000000029f3000 	/usr/lib/libDiagnosticMessagesClient.dylib
0x00000000029f3000 	/System/Library/Frameworks/CoreServices.framework/Versions/A/CoreServices
0x00000000029f3000 	/System/Library/PrivateFrameworks/PerformanceAnalysis.framework/Versions/A/PerformanceAnalysis
0x00000000029f3000 	/System/Library/PrivateFrameworks/GenerationalStorage.framework/Versions/A/GenerationalStorage
0x00000000029f3000 	/System/Library/Frameworks/OpenGL.framework/Versions/A/OpenGL
0x00000000029f3000 	/System/Library/PrivateFrameworks/Sharing.framework/Versions/A/Sharing
0x00000000029f3000 	/System/Library/Frameworks/CoreGraphics.framework/Versions/A/CoreGraphics
0x00000000029f3000 	/System/Library/Frameworks/CoreImage.framework/Versions/A/CoreImage
0x00000000029f3000 	/System/Library/Frameworks/CoreText.framework/Versions/A/CoreText
0x00000000029f3000 	/System/Library/Frameworks/ImageIO.framework/Versions/A/ImageIO
0x00000000029f3000 	/System/Library/PrivateFrameworks/Backup.framework/Versions/A/Backup
0x00000000029f3000 	/usr/lib/libextension.dylib
0x00000000029f3000 	/usr/lib/libarchive.2.dylib
0x00000000029f3000 	/System/Library/Frameworks/CFNetwork.framework/Versions/A/CFNetwork
0x00000000029f3000 	/System/Library/Frameworks/SystemConfiguration.framework/Versions/A/SystemConfiguration
0x00000000029f3000 	/usr/lib/libCRFSuite.dylib
0x00000000029f3000 	/usr/lib/libc++.1.dylib
0x00000000029f3000 	/usr/lib/libc++abi.dylib
0x00000000029f3000 	/usr/lib/system/libcache.dylib
0x00000000029f3000 	/usr/lib/system/libcommonCrypto.dylib
0x00000000029f3000 	/usr/lib/system/libcompiler_rt.dylib
0x00000000029f3000 	/usr/lib/system/libcopyfile.dylib
0x00000000029f3000 	/usr/lib/system/libcorecrypto.dylib
0x00000000029f3000 	/usr/lib/system/libdispatch.dylib
0x00000000029f3000 	/usr/lib/system/libdyld.dylib
0x00000000029f3000 	/usr/lib/system/libkeymgr.dylib
0x00000000029f3000 	/usr/lib/system/liblaunch.dylib
0x00000000029f3000 	/usr/lib/system/libmacho.dylib
0x00000000029f3000 	/usr/lib/system/libquarantine.dylib
0x00000000029f3000 	/usr/lib/system/libremovefile.dylib
0x00000000029f3000 	/usr/lib/system/libsystem_asl.dylib
0x00000000029f3000 	/usr/lib/system/libsystem_blocks.dylib
0x00000000029f3000 	/usr/lib/system/libsystem_c.dylib
0x00000000029f3000 	/usr/lib/system/libsystem_configuration.dylib
0x00000000029f3000 	/usr/lib/system/libsystem_coreservices.dylib
0x00000000029f3000 	/usr/lib/system/libsystem_coretls.dylib
0x00000000029f3000 	/usr/lib/system/libsystem_dnssd.dylib
0x00000000029f3000 	/usr/lib/system/libsystem_info.dylib
0x00000000029f3000 	/usr/lib/system/libsystem_kernel.dylib
0x00000000029f3000 	/usr/lib/system/libsystem_m.dylib
0x00000000029f3000 	/usr/lib/system/libsystem_malloc.dylib
0x00000000029f3000 	/usr/lib/system/libsystem_network.dylib
0x00000000029f3000 	/usr/lib/system/libsystem_networkextension.dylib
0x00000000029f3000 	/usr/lib/system/libsystem_notify.dylib
0x00000000029f3000 	/usr/lib/system/libsystem_platform.dylib
0x00000000029f3000 	/usr/lib/system/libsystem_pthread.dylib
0x00000000029f3000 	/usr/lib/system/libsystem_sandbox.dylib
0x00000000029f3000 	/usr/lib/system/libsystem_secinit.dylib
0x00000000029f3000 	/usr/lib/system/libsystem_trace.dylib
0x00000000029f3000 	/usr/lib/system/libunc.dylib
0x00000000029f3000 	/usr/lib/system/libunwind.dylib
0x00000000029f3000 	/usr/lib/system/libxpc.dylib
0x00000000029f3000 	/usr/lib/libenergytrace.dylib
0x00000000029f3000 	/usr/lib/libbsm.0.dylib
0x00000000029f3000 	/usr/lib/system/libkxld.dylib
0x00000000029f3000 	/usr/lib/libxar.1.dylib
0x00000000029f3000 	/usr/lib/libsqlite3.dylib
0x00000000029f3000 	/usr/lib/libpam.2.dylib
0x00000000029f3000 	/usr/lib/libOpenScriptingUtil.dylib
0x00000000029f3000 	/usr/lib/libbz2.1.0.dylib
0x00000000029f3000 	/usr/lib/liblzma.5.dylib
0x00000000029f3000 	/System/Library/Frameworks/CoreServices.framework/Versions/A/Frameworks/FSEvents.framework/Versions/A/FSEvents
0x00000000029f3000 	/System/Library/Frameworks/CoreServices.framework/Versions/A/Frameworks/CarbonCore.framework/Versions/A/CarbonCore
0x00000000029f3000 	/System/Library/Frameworks/CoreServices.framework/Versions/A/Frameworks/Metadata.framework/Versions/A/Metadata
0x00000000029f3000 	/System/Library/Frameworks/CoreServices.framework/Versions/A/Frameworks/OSServices.framework/Versions/A/OSServices
0x00000000029f3000 	/System/Library/Frameworks/CoreServices.framework/Versions/A/Frameworks/SearchKit.framework/Versions/A/SearchKit
0x00000000029f3000 	/System/Library/Frameworks/CoreServices.framework/Versions/A/Frameworks/AE.framework/Versions/A/AE
0x00000000029f3000 	/System/Library/Frameworks/CoreServices.framework/Versions/A/Frameworks/LaunchServices.framework/Versions/A/LaunchServices
0x00000000029f3000 	/System/Library/Frameworks/CoreServices.framework/Versions/A/Frameworks/DictionaryServices.framework/Versions/A/DictionaryServices
0x00000000029f3000 	/System/Library/Frameworks/CoreServices.framework/Versions/A/Frameworks/SharedFileList.framework/Versions/A/SharedFileList
0x00000000029f3000 	/System/Library/Frameworks/NetFS.framework/Versions/A/NetFS
0x00000000029f3000 	/System/Library/PrivateFrameworks/NetAuth.framework/Versions/A/NetAuth
0x00000000029f3000 	/System/Library/PrivateFrameworks/login.framework/Versions/A/Frameworks/loginsupport.framework/Versions/A/loginsupport
0x00000000029f3000 	/System/Library/PrivateFrameworks/TCC.framework/Versions/A/TCC
0x00000000029f3000 	/usr/lib/libmecabra.dylib
0x00000000029f3000 	/System/Library/Frameworks/ApplicationServices.framework/Versions/A/Frameworks/ATS.framework/Versions/A/ATS
0x00000000029f3000 	/System/Library/Frameworks/ApplicationServices.framework/Versions/A/Frameworks/ColorSync.framework/Versions/A/ColorSync
0x00000000029f3000 	/System/Library/Frameworks/ApplicationServices.framework/Versions/A/Frameworks/HIServices.framework/Versions/A/HIServices
0x00000000029f3000 	/System/Library/Frameworks/ApplicationServices.framework/Versions/A/Frameworks/LangAnalysis.framework/Versions/A/LangAnalysis
0x00000000029f3000 	/System/Library/Frameworks/ApplicationServices.framework/Versions/A/Frameworks/PrintCore.framework/Versions/A/PrintCore
0x00000000029f3000 	/System/Library/Frameworks/ApplicationServices.framework/Versions/A/Frameworks/QD.framework/Versions/A/QD
0x00000000029f3000 	/System/Library/Frameworks/ApplicationServices.framework/Versions/A/Frameworks/SpeechSynthesis.framework/Versions/A/SpeechSynthesis
0x00000000029f3000 	/System/Library/Frameworks/Metal.framework/Versions/A/Metal
0x00000000029f3000 	/System/Library/Frameworks/Accelerate.framework/Versions/A/Frameworks/vImage.framework/Versions/A/vImage
0x00000000029f3000 	/System/Library/Frameworks/Accelerate.framework/Versions/A/Frameworks/vecLib.framework/Versions/A/vecLib
0x00000000029f3000 	/System/Library/Frameworks/Accelerate.framework/Versions/A/Frameworks/vecLib.framework/Versions/A/libvDSP.dylib
0x00000000029f3000 	/System/Library/Frameworks/Accelerate.framework/Versions/A/Frameworks/vecLib.framework/Versions/A/libvMisc.dylib
0x00000000029f3000 	/System/Library/Frameworks/Accelerate.framework/Versions/A/Frameworks/vecLib.framework/Versions/A/libLAPACK.dylib
0x00000000029f3000 	/System/Library/Frameworks/Accelerate.framework/Versions/A/Frameworks/vecLib.framework/Versions/A/libBLAS.dylib
0x00000000029f3000 	/System/Library/Frameworks/Accelerate.framework/Versions/A/Frameworks/vecLib.framework/Versions/A/libLinearAlgebra.dylib
0x00000000029f3000 	/System/Library/Frameworks/Accelerate.framework/Versions/A/Frameworks/vecLib.framework/Versions/A/libSparseBLAS.dylib
0x00000000029f3000 	/System/Library/PrivateFrameworks/GPUCompiler.framework/libmetal_timestamp.dylib
0x00000000029f3000 	/System/Library/Frameworks/OpenGL.framework/Versions/A/Libraries/libCoreFSCache.dylib
0x00000000029f3000 	/System/Library/PrivateFrameworks/IOAccelerator.framework/Versions/A/IOAccelerator
0x00000000029f3000 	/System/Library/Frameworks/ApplicationServices.framework/Versions/A/Frameworks/ATS.framework/Versions/A/Resources/libFontParser.dylib
0x00000000029f3000 	/System/Library/Frameworks/ApplicationServices.framework/Versions/A/Frameworks/ATS.framework/Versions/A/Resources/libFontRegistry.dylib
0x00000000029f3000 	/System/Library/PrivateFrameworks/AppleVPA.framework/Versions/A/AppleVPA
0x00000000029f3000 	/System/Library/PrivateFrameworks/AppleJPEG.framework/Versions/A/AppleJPEG
0x00000000029f3000 	/System/Library/Frameworks/ImageIO.framework/Versions/A/Resources/libJPEG.dylib
0x00000000029f3000 	/System/Library/Frameworks/ImageIO.framework/Versions/A/Resources/libTIFF.dylib
0x00000000029f3000 	/System/Library/Frameworks/ImageIO.framework/Versions/A/Resources/libPng.dylib
0x00000000029f3000 	/System/Library/Frameworks/ImageIO.framework/Versions/A/Resources/libGIF.dylib
0x00000000029f3000 	/System/Library/Frameworks/ImageIO.framework/Versions/A/Resources/libJP2.dylib
0x00000000029f3000 	/System/Library/Frameworks/ImageIO.framework/Versions/A/Resources/libRadiance.dylib
0x00000000029f3000 	/System/Library/Frameworks/CoreVideo.framework/Versions/A/CoreVideo
0x00000000029f3000 	/System/Library/Frameworks/OpenGL.framework/Versions/A/Libraries/libGLU.dylib
0x00000000029f3000 	/System/Library/Frameworks/OpenGL.framework/Versions/A/Libraries/libGFXShared.dylib
0x00000000029f3000 	/System/Library/Frameworks/OpenGL.framework/Versions/A/Libraries/libGL.dylib
0x00000000029f3000 	/System/Library/Frameworks/OpenGL.framework/Versions/A/Libraries/libGLImage.dylib
0x00000000029f3000 	/System/Library/Frameworks/OpenGL.framework/Versions/A/Libraries/libCVMSPluginSupport.dylib
0x00000000029f3000 	/System/Library/Frameworks/OpenGL.framework/Versions/A/Libraries/libCoreVMClient.dylib
0x00000000029f3000 	/usr/lib/libcompression.dylib
0x00000000029f3000 	/usr/lib/libcups.2.dylib
0x00000000029f3000 	/System/Library/Frameworks/Kerberos.framework/Versions/A/Kerberos
0x00000000029f3000 	/System/Library/Frameworks/GSS.framework/Versions/A/GSS
0x00000000029f3000 	/usr/lib/libresolv.9.dylib
0x00000000029f3000 	/usr/lib/libiconv.2.dylib
0x00000000029f3000 	/System/Library/PrivateFrameworks/Heimdal.framework/Versions/A/Heimdal
0x00000000029f3000 	/usr/lib/libheimdal-asn1.dylib
0x00000000029f3000 	/System/Library/Frameworks/OpenDirectory.framework/Versions/A/OpenDirectory
0x00000000029f3000 	/System/Library/PrivateFrameworks/CommonAuth.framework/Versions/A/CommonAuth
0x00000000029f3000 	/System/Library/Frameworks/OpenDirectory.framework/Versions/A/Frameworks/CFOpenDirectory.framework/Versions/A/CFOpenDirectory
0x00000000029f3000 	/System/Library/Frameworks/SecurityFoundation.framework/Versions/A/SecurityFoundation
0x00000000029f3000 	/System/Library/PrivateFrameworks/LanguageModeling.framework/Versions/A/LanguageModeling
0x00000000029f3000 	/usr/lib/libmarisa.dylib
0x00000000029f3000 	/usr/lib/libChineseTokenizer.dylib
0x00000000029f3000 	/usr/lib/libcmph.dylib
0x00000000029f3000 	/System/Library/Frameworks/ServiceManagement.framework/Versions/A/ServiceManagement
0x00000000029f3000 	/usr/lib/libxslt.1.dylib
0x00000000029f3000 	/System/Library/Frameworks/Carbon.framework/Versions/A/Frameworks/Ink.framework/Versions/A/Ink
0x00000000029f3000 	/usr/lib/libFosl_dynamic.dylib
0x00000000029f3000 	/System/Library/PrivateFrameworks/FaceCore.framework/Versions/A/FaceCore
0x00000000029f3000 	/System/Library/Frameworks/OpenCL.framework/Versions/A/OpenCL
0x00000000029f3000 	/System/Library/PrivateFrameworks/CrashReporterSupport.framework/Versions/A/CrashReporterSupport
0x00000000029f3000 	/System/Library/PrivateFrameworks/IconServices.framework/Versions/A/IconServices
0x00000000029f3000 	/System/Library/PrivateFrameworks/Apple80211.framework/Versions/A/Apple80211
0x00000000029f3000 	/System/Library/Frameworks/CoreWLAN.framework/Versions/A/CoreWLAN
0x00000000029f3000 	/System/Library/Frameworks/IOBluetooth.framework/Versions/A/IOBluetooth
0x00000000029f3000 	/System/Library/PrivateFrameworks/CoreWiFi.framework/Versions/A/CoreWiFi
0x00000000029f3000 	/System/Library/Frameworks/CoreBluetooth.framework/Versions/A/CoreBluetooth
0x00000000029f3000 	/System/Library/PrivateFrameworks/ChunkingLibrary.framework/Versions/A/ChunkingLibrary
0x00000000029f3000 	/System/Library/PrivateFrameworks/DebugSymbols.framework/Versions/A/DebugSymbols
0x00000000029f3000 	/System/Library/PrivateFrameworks/CoreSymbolication.framework/Versions/A/CoreSymbolication
0x00000000029f3000 	/System/Library/PrivateFrameworks/Symbolication.framework/Versions/A/Symbolication
0x00000000029f3000 	/System/Library/PrivateFrameworks/SpeechRecognitionCore.framework/Versions/A/SpeechRecognitionCore
0x000000010a000000 	/Library/Java/JavaVirtualMachines/jdk1.8.0_65.jdk/Contents/Home/jre/lib/server/libjvm.dylib
0x00000000029f3000 	/usr/lib/libstdc++.6.dylib
0x00000001096c9000 	/Library/Java/JavaVirtualMachines/jdk1.8.0_65.jdk/Contents/Home/jre/lib/libverify.dylib
0x00000001096d7000 	/Library/Java/JavaVirtualMachines/jdk1.8.0_65.jdk/Contents/Home/jre/lib/libjava.dylib
0x000000010970d000 	/Library/Java/JavaVirtualMachines/jdk1.8.0_65.jdk/Contents/Home/jre/lib/libjdwp.dylib
0x0000000109758000 	/Library/Java/JavaVirtualMachines/jdk1.8.0_65.jdk/Contents/Home/jre/lib/libnpt.dylib
0x0000000109765000 	/Library/Java/JavaVirtualMachines/jdk1.8.0_65.jdk/Contents/Home/jre/lib/libzip.dylib
0x000000012085b000 	/System/Library/Frameworks/JavaVM.framework/Frameworks/JavaRuntimeSupport.framework/JavaRuntimeSupport
0x0000000120876000 	/System/Library/Frameworks/JavaVM.framework/Versions/A/Frameworks/JavaNativeFoundation.framework/Versions/A/JavaNativeFoundation
0x000000012088b000 	/System/Library/Frameworks/JavaVM.framework/Versions/A/JavaVM
0x00000000029f3000 	/System/Library/Frameworks/Carbon.framework/Versions/A/Carbon
0x0000000120898000 	/System/Library/PrivateFrameworks/JavaLaunching.framework/Versions/A/JavaLaunching
0x00000000029f3000 	/System/Library/Frameworks/Carbon.framework/Versions/A/Frameworks/CommonPanels.framework/Versions/A/CommonPanels
0x00000000029f3000 	/System/Library/Frameworks/Carbon.framework/Versions/A/Frameworks/Help.framework/Versions/A/Help
0x00000000029f3000 	/System/Library/Frameworks/Carbon.framework/Versions/A/Frameworks/ImageCapture.framework/Versions/A/ImageCapture
0x00000000029f3000 	/System/Library/Frameworks/Carbon.framework/Versions/A/Frameworks/OpenScripting.framework/Versions/A/OpenScripting
0x00000000029f3000 	/System/Library/Frameworks/Carbon.framework/Versions/A/Frameworks/Print.framework/Versions/A/Print
0x00000000029f3000 	/System/Library/Frameworks/Carbon.framework/Versions/A/Frameworks/SecurityHI.framework/Versions/A/SecurityHI
0x00000001221bb000 	/Library/Java/JavaVirtualMachines/jdk1.8.0_65.jdk/Contents/Home/jre/lib/libdt_socket.dylib
0x00000001222e8000 	/Library/Java/JavaVirtualMachines/jdk1.8.0_65.jdk/Contents/Home/jre/lib/libnet.dylib

VM Arguments:
jvm_args: -agentlib:jdwp=transport=dt_socket,suspend=y,address=localhost:62074 -Dfile.encoding=UTF-8 
java_command: com.combine.driver.Driver
java_class_path (initial): /Users/lancefallon/Documents/workspace/NflCombineImporter/target/classes:/Users/lancefallon/.m2/repository/log4j/log4j/1.2.17/log4j-1.2.17.jar:/Users/lancefallon/.m2/repository/commons-fileupload/commons-fileupload/1.3.1/commons-fileupload-1.3.1.jar:/Users/lancefallon/.m2/repository/commons-io/commons-io/2.2/commons-io-2.2.jar:/Users/lancefallon/.m2/repository/org/springframework/spring-jdbc/4.2.4.RELEASE/spring-jdbc-4.2.4.RELEASE.jar:/Users/lancefallon/.m2/repository/org/springframework/spring-beans/4.2.4.RELEASE/spring-beans-4.2.4.RELEASE.jar:/Users/lancefallon/.m2/repository/org/springframework/spring-core/4.2.4.RELEASE/spring-core-4.2.4.RELEASE.jar:/Users/lancefallon/.m2/repository/org/springframework/spring-tx/4.2.4.RELEASE/spring-tx-4.2.4.RELEASE.jar:/Users/lancefallon/.m2/repository/org/postgresql/postgresql/9.4.1207.jre7/postgresql-9.4.1207.jre7.jar:/Users/lancefallon/.m2/repository/org/apache/commons/commons-dbcp2/2.0/commons-dbcp2-2.0.jar:/Users/lancefallon/.m2/repository/org/apache/commons/commons-pool2/2.2/commons-pool2-2.2.jar:/Users/lancefallon/.m2/repository/commons-logging/commons-logging/1.1.3/commons-logging-1.1.3.jar:/Users/lancefallon/.m2/repository/org/flywaydb/flyway-core/3.2.1/flyway-core-3.2.1.jar:/Users/lancefallon/.m2/repository/joda-time/joda-time/2.8.2/joda-time-2.8.2.jar:/Users/lancefallon/.m2/repository/org/apache/httpcomponents/httpclient/4.5/httpclient-4.5.jar:/Users/lancefallon/.m2/repository/org/apache/httpcomponents/httpcore/4.4.1/httpcore-4.4.1.jar:/Users/lancefallon/.m2/repository/commons-codec/commons-codec/1.9/commons-codec-1.9.jar:/Users/lancefallon/.m2/repository/org/json/json/20140107/json-20140107.jar:/Users/lancefallon/.m2/repository/org/jsoup/jsoup/1.8.3/jsoup-1.8.3.jar:/Users/lancefallon/.m2/repository/com/google/code/gson/gson/2.2.4/gson-2.2.4.jar:/Users/lancefallon/.m2/repository/org/springframework/spring-web/4.2.4.RELEASE/spring-web-4.2.4.RELEASE.jar:/Users/lancefallon/.m2/repository/org/
Launcher Type: SUN_STANDARD

Environment Variables:
PATH=/usr/bin:/bin:/usr/sbin:/sbin
SHELL=/bin/bash

Signal Handlers:
SIGSEGV: [libjvm.dylib+0x5a6d31], sa_mask[0]=11111111011111110111111111111111, sa_flags=SA_ONSTACK|SA_RESTART|SA_SIGINFO
SIGBUS: [libjvm.dylib+0x5a6d31], sa_mask[0]=11111111011111110111111111111111, sa_flags=SA_RESTART|SA_SIGINFO
SIGFPE: [libjvm.dylib+0x480a40], sa_mask[0]=11111111011111110111111111111111, sa_flags=SA_RESTART|SA_SIGINFO
SIGPIPE: [libjvm.dylib+0x480a40], sa_mask[0]=11111111011111110111111111111111, sa_flags=SA_RESTART|SA_SIGINFO
SIGXFSZ: [libjvm.dylib+0x480a40], sa_mask[0]=11111111011111110111111111111111, sa_flags=SA_RESTART|SA_SIGINFO
SIGILL: [libjvm.dylib+0x480a40], sa_mask[0]=11111111011111110111111111111111, sa_flags=SA_RESTART|SA_SIGINFO
SIGUSR1: SIG_DFL, sa_mask[0]=00000000000000000000000000000000, sa_flags=none
SIGUSR2: [libjvm.dylib+0x48055e], sa_mask[0]=00100000000000000000000000000000, sa_flags=SA_RESTART|SA_SIGINFO
SIGHUP: [libjvm.dylib+0x47eb35], sa_mask[0]=11111111011111110111111111111111, sa_flags=SA_RESTART|SA_SIGINFO
SIGINT: [libjvm.dylib+0x47eb35], sa_mask[0]=11111111011111110111111111111111, sa_flags=SA_RESTART|SA_SIGINFO
SIGTERM: [libjvm.dylib+0x47eb35], sa_mask[0]=11111111011111110111111111111111, sa_flags=SA_RESTART|SA_SIGINFO
SIGQUIT: [libjvm.dylib+0x47eb35], sa_mask[0]=11111111011111110111111111111111, sa_flags=SA_RESTART|SA_SIGINFO


---------------  S Y S T E M  ---------------

OS:Bsduname:Darwin 15.6.0 Darwin Kernel Version 15.6.0: Thu Jun 23 18:25:34 PDT 2016; root:xnu-3248.60.10~1/RELEASE_X86_64 x86_64
rlimit: STACK 8192k, CORE 0k, NPROC 709, NOFILE 10240, AS infinity
load average:1.61 1.69 1.85

CPU:total 4 (2 cores per cpu, 2 threads per core) family 6 model 61 stepping 4, cmov, cx8, fxsr, mmx, sse, sse2, sse3, ssse3, sse4.1, sse4.2, popcnt, avx, avx2, aes, clmul, erms, 3dnowpref, lzcnt, ht, tsc, tscinvbit, bmi1, bmi2, adx

Memory: 4k page, physical 8388608k(469576k free)

/proc/meminfo:


vm_info: Java HotSpot(TM) 64-Bit Server VM (25.65-b01) for bsd-amd64 JRE (1.8.0_65-b17), built on Oct  6 2015 15:36:46 by "java_re" with gcc 4.2.1 (Based on Apple Inc. build 5658) (LLVM build 2336.11.00)

time: Wed Jan 25 23:32:54 2017
elapsed time: 57 seconds (0d 0h 0m 57s)

